--------------------------------------------------------------------------------
Release 14.7 Trace  (nt64)
Copyright (c) 1995-2013 Xilinx, Inc.  All rights reserved.

D:\Xilinx\14.7\ISE_DS\ISE\bin\nt64\unwrapped\trce.exe -intstyle ise -v 3 -s 4
-n 3 -fastpaths -xml nbitadder.twx nbitadder.ncd -o nbitadder.twr nbitadder.pcf

Design file:              nbitadder.ncd
Physical constraint file: nbitadder.pcf
Device,package,speed:     xc3sd1800a,fg676,-4 (PRODUCTION 1.34 2013-10-13)
Report level:             verbose report

Environment Variable      Effect 
--------------------      ------ 
NONE                      No environment variables were set
--------------------------------------------------------------------------------

INFO:Timing:2698 - No timing constraints found, doing default enumeration.
INFO:Timing:3412 - To improve timing, see the Timing Closure User Guide (UG612).
INFO:Timing:2752 - To get complete path coverage, use the unconstrained paths 
   option. All paths that are not constrained will be reported in the 
   unconstrained paths section(s) of the report.
INFO:Timing:3339 - The clock-to-out numbers in this timing report are based on 
   a 50 Ohm transmission line loading model.  For the details of this model, 
   and for more information on accounting for different loading conditions, 
   please see the device datasheet.
INFO:Timing:3390 - This architecture does not support a default System Jitter 
   value, please add SYSTEM_JITTER constraint to the UCF to modify the Clock 
   Uncertainty calculation.
INFO:Timing:3389 - This architecture does not support 'Discrete Jitter' and 
   'Phase Error' calculations, these terms will be zero in the Clock 
   Uncertainty calculation.  Please make appropriate modification to 
   SYSTEM_JITTER to account for the unsupported Discrete Jitter and Phase 
   Error.



Data Sheet report:
-----------------
All values displayed in nanoseconds (ns)

Pad to Pad
---------------+---------------+---------+
Source Pad     |Destination Pad|  Delay  |
---------------+---------------+---------+
A<0>           |C              |    9.691|
A<0>           |S<0>           |    6.139|
A<0>           |S<1>           |    8.415|
A<0>           |S<2>           |    9.478|
A<0>           |S<3>           |    9.619|
A<1>           |C              |    9.200|
A<1>           |S<1>           |    7.026|
A<1>           |S<2>           |    8.987|
A<1>           |S<3>           |    9.128|
A<2>           |C              |    7.977|
A<2>           |S<2>           |    7.317|
A<2>           |S<3>           |    7.905|
A<3>           |C              |    6.670|
A<3>           |S<3>           |    6.487|
B<0>           |C              |    9.217|
B<0>           |S<0>           |    6.222|
B<0>           |S<1>           |    7.941|
B<0>           |S<2>           |    9.004|
B<0>           |S<3>           |    9.145|
B<1>           |C              |    8.309|
B<1>           |S<1>           |    6.929|
B<1>           |S<2>           |    8.096|
B<1>           |S<3>           |    8.237|
B<2>           |C              |    8.062|
B<2>           |S<2>           |    7.381|
B<2>           |S<3>           |    7.990|
B<3>           |C              |    7.853|
B<3>           |S<3>           |    7.190|
M              |C              |   10.066|
M              |S<1>           |    8.790|
M              |S<2>           |    9.853|
M              |S<3>           |    9.994|
---------------+---------------+---------+


Analysis completed Fri Jan 06 04:03:31 2017 
--------------------------------------------------------------------------------

Trace Settings:
-------------------------
Trace Settings 

Peak Memory Usage: 273 MB



