--------------------------------------------------------------------------------
Release 14.7 Trace  (nt64)
Copyright (c) 1995-2013 Xilinx, Inc.  All rights reserved.

D:\Xilinx\14.7\ISE_DS\ISE\bin\nt64\unwrapped\trce.exe -intstyle ise -v 3 -s 4
-n 3 -fastpaths -xml alu.twx alu.ncd -o alu.twr alu.pcf

Design file:              alu.ncd
Physical constraint file: alu.pcf
Device,package,speed:     xc3sd1800a,fg676,-4 (PRODUCTION 1.34 2013-10-13)
Report level:             verbose report

Environment Variable      Effect 
--------------------      ------ 
NONE                      No environment variables were set
--------------------------------------------------------------------------------

INFO:Timing:2698 - No timing constraints found, doing default enumeration.
INFO:Timing:3412 - To improve timing, see the Timing Closure User Guide (UG612).
INFO:Timing:2752 - To get complete path coverage, use the unconstrained paths 
   option. All paths that are not constrained will be reported in the 
   unconstrained paths section(s) of the report.
INFO:Timing:3339 - The clock-to-out numbers in this timing report are based on 
   a 50 Ohm transmission line loading model.  For the details of this model, 
   and for more information on accounting for different loading conditions, 
   please see the device datasheet.
INFO:Timing:3390 - This architecture does not support a default System Jitter 
   value, please add SYSTEM_JITTER constraint to the UCF to modify the Clock 
   Uncertainty calculation.
INFO:Timing:3389 - This architecture does not support 'Discrete Jitter' and 
   'Phase Error' calculations, these terms will be zero in the Clock 
   Uncertainty calculation.  Please make appropriate modification to 
   SYSTEM_JITTER to account for the unsupported Discrete Jitter and Phase 
   Error.



Data Sheet report:
-----------------
All values displayed in nanoseconds (ns)

Pad to Pad
---------------+---------------+---------+
Source Pad     |Destination Pad|  Delay  |
---------------+---------------+---------+
A<0>           |F<0>           |    9.337|
A<0>           |F<1>           |   10.036|
A<0>           |F<2>           |   11.289|
A<0>           |F<3>           |   12.682|
A<1>           |F<1>           |   10.338|
A<1>           |F<2>           |   10.603|
A<1>           |F<3>           |   12.032|
A<2>           |F<2>           |   10.679|
A<2>           |F<3>           |   10.662|
A<3>           |F<3>           |   10.029|
B<0>           |F<0>           |    9.259|
B<0>           |F<1>           |    9.958|
B<0>           |F<2>           |   11.211|
B<0>           |F<3>           |   12.604|
B<1>           |F<1>           |   10.379|
B<1>           |F<2>           |   10.644|
B<1>           |F<3>           |   12.073|
B<2>           |F<2>           |   11.024|
B<2>           |F<3>           |   11.007|
B<3>           |F<3>           |    9.915|
S<0>           |F<0>           |   10.111|
S<0>           |F<1>           |   11.418|
S<0>           |F<2>           |   12.063|
S<0>           |F<3>           |   13.456|
S<1>           |F<0>           |   10.038|
S<1>           |F<1>           |   11.345|
S<1>           |F<2>           |   11.990|
S<1>           |F<3>           |   13.383|
S<2>           |F<0>           |   10.495|
S<2>           |F<1>           |   11.802|
S<2>           |F<2>           |   12.447|
S<2>           |F<3>           |   13.840|
---------------+---------------+---------+


Analysis completed Fri Jan 06 03:55:23 2017 
--------------------------------------------------------------------------------

Trace Settings:
-------------------------
Trace Settings 

Peak Memory Usage: 273 MB



