Release 14.7 - xst P.20131013 (nt64)
Copyright (c) 1995-2013 Xilinx, Inc.  All rights reserved.
--> Parameter TMPDIR set to xst/projnav.tmp


Total REAL time to Xst completion: 0.00 secs
Total CPU time to Xst completion: 0.09 secs
 
--> Parameter xsthdpdir set to xst


Total REAL time to Xst completion: 0.00 secs
Total CPU time to Xst completion: 0.10 secs
 
--> Reading design: devre.prj

TABLE OF CONTENTS
  1) Synthesis Options Summary
  2) HDL Compilation
  3) Design Hierarchy Analysis
  4) HDL Analysis
  5) HDL Synthesis
     5.1) HDL Synthesis Report
  6) Advanced HDL Synthesis
     6.1) Advanced HDL Synthesis Report
  7) Low Level Synthesis
  8) Partition Report
  9) Final Report
	9.1) Device utilization summary
	9.2) Partition Resource Summary
	9.3) TIMING REPORT


=========================================================================
*                      Synthesis Options Summary                        *
=========================================================================
---- Source Parameters
Input File Name                    : "devre.prj"
Input Format                       : mixed
Ignore Synthesis Constraint File   : NO

---- Target Parameters
Output File Name                   : "devre"
Output Format                      : NGC
Target Device                      : xc3sd1800a-4-fg676

---- Source Options
Top Module Name                    : devre
Automatic FSM Extraction           : YES
FSM Encoding Algorithm             : Auto
Safe Implementation                : No
FSM Style                          : LUT
RAM Extraction                     : Yes
RAM Style                          : Auto
ROM Extraction                     : Yes
Mux Style                          : Auto
Decoder Extraction                 : YES
Priority Encoder Extraction        : Yes
Shift Register Extraction          : YES
Logical Shifter Extraction         : YES
XOR Collapsing                     : YES
ROM Style                          : Auto
Mux Extraction                     : Yes
Resource Sharing                   : YES
Asynchronous To Synchronous        : NO
Use DSP Block                      : Auto
Automatic Register Balancing       : No

---- Target Options
Add IO Buffers                     : YES
Global Maximum Fanout              : 500
Add Generic Clock Buffer(BUFG)     : 24
Register Duplication               : YES
Slice Packing                      : YES
Optimize Instantiated Primitives   : NO
Use Clock Enable                   : Yes
Use Synchronous Set                : Yes
Use Synchronous Reset              : Yes
Pack IO Registers into IOBs        : Auto
Equivalent register Removal        : YES

---- General Options
Optimization Goal                  : Speed
Optimization Effort                : 1
Keep Hierarchy                     : No
Netlist Hierarchy                  : As_Optimized
RTL Output                         : Yes
Global Optimization                : AllClockNets
Read Cores                         : YES
Write Timing Constraints           : NO
Cross Clock Analysis               : NO
Hierarchy Separator                : /
Bus Delimiter                      : <>
Case Specifier                     : Maintain
Slice Utilization Ratio            : 100
BRAM Utilization Ratio             : 100
DSP48 Utilization Ratio            : 100
Verilog 2001                       : YES
Auto BRAM Packing                  : NO
Slice Utilization Ratio Delta      : 5

=========================================================================


=========================================================================
*                          HDL Compilation                              *
=========================================================================
Compiling vhdl file "D:/- Computer Engineering/- Other Subjects/Other stuff/School/3. Yil/1. Donem/Bot lab - VHSIC HDL/4- VHDL Programs/lablar/3. lab/lab3/lab3.vhd" in Library work.
Entity <flipflop> compiled.
Entity <flipflop> (Architecture <Behavior>) compiled.
Entity <devre> compiled.
Entity <devre> (Architecture <STRUCTURAL>) compiled.

=========================================================================
*                     Design Hierarchy Analysis                         *
=========================================================================
Analyzing hierarchy for entity <devre> in library <work> (architecture <STRUCTURAL>).

Analyzing hierarchy for entity <flipflop> in library <work> (architecture <Behavior>).


=========================================================================
*                            HDL Analysis                               *
=========================================================================
Analyzing Entity <devre> in library <work> (Architecture <STRUCTURAL>).
Entity <devre> analyzed. Unit <devre> generated.

Analyzing Entity <flipflop> in library <work> (Architecture <Behavior>).
Entity <flipflop> analyzed. Unit <flipflop> generated.


=========================================================================
*                           HDL Synthesis                               *
=========================================================================

Performing bidirectional port resolution...

Synthesizing Unit <flipflop>.
    Related source file is "D:/- Computer Engineering/- Other Subjects/Other stuff/School/3. Yil/1. Donem/Bot lab - VHSIC HDL/4- VHDL Programs/lablar/3. lab/lab3/lab3.vhd".
    Found 1-bit register for signal <Q>.
    Found 1-bit register for signal <Qx>.
    Summary:
	inferred   2 D-type flip-flop(s).
Unit <flipflop> synthesized.


Synthesizing Unit <devre>.
    Related source file is "D:/- Computer Engineering/- Other Subjects/Other stuff/School/3. Yil/1. Donem/Bot lab - VHSIC HDL/4- VHDL Programs/lablar/3. lab/lab3/lab3.vhd".
Unit <devre> synthesized.


=========================================================================
HDL Synthesis Report

Macro Statistics
# Registers                                            : 4
 1-bit register                                        : 4

=========================================================================

=========================================================================
*                       Advanced HDL Synthesis                          *
=========================================================================


=========================================================================
Advanced HDL Synthesis Report

Macro Statistics
# Registers                                            : 4
 Flip-Flops                                            : 4

=========================================================================

=========================================================================
*                         Low Level Synthesis                           *
=========================================================================

Optimizing unit <devre> ...

Mapping all equations...
Building and optimizing final netlist ...
Found area constraint ratio of 100 (+ 5) on block devre, actual ratio is 0.

Final Macro Processing ...

=========================================================================
Final Register Report

Macro Statistics
# Registers                                            : 4
 Flip-Flops                                            : 4

=========================================================================

=========================================================================
*                           Partition Report                            *
=========================================================================

Partition Implementation Status
-------------------------------

  No Partitions were found in this design.

-------------------------------

=========================================================================
*                            Final Report                               *
=========================================================================
Final Results
RTL Top Level Output File Name     : devre.ngr
Top Level Output File Name         : devre
Output Format                      : NGC
Optimization Goal                  : Speed
Keep Hierarchy                     : No

Design Statistics
# IOs                              : 3

Cell Usage :
# BELS                             : 4
#      LUT2                        : 3
#      VCC                         : 1
# FlipFlops/Latches                : 4
#      FD                          : 1
#      FDR                         : 2
#      FDS                         : 1
# Clock Buffers                    : 1
#      BUFGP                       : 1
# IO Buffers                       : 2
#      IBUF                        : 1
#      OBUF                        : 1
=========================================================================

Device utilization summary:
---------------------------

Selected Device : 3sd1800afg676-4 

 Number of Slices:                        2  out of  16640     0%  
 Number of Slice Flip Flops:              4  out of  33280     0%  
 Number of 4 input LUTs:                  3  out of  33280     0%  
 Number of IOs:                           3
 Number of bonded IOBs:                   3  out of    519     0%  
 Number of GCLKs:                         1  out of     24     4%  

---------------------------
Partition Resource Summary:
---------------------------

  No Partitions were found in this design.

---------------------------


=========================================================================
TIMING REPORT

NOTE: THESE TIMING NUMBERS ARE ONLY A SYNTHESIS ESTIMATE.
      FOR ACCURATE TIMING INFORMATION PLEASE REFER TO THE TRACE REPORT
      GENERATED AFTER PLACE-and-ROUTE.

Clock Information:
------------------
-----------------------------------+------------------------+-------+
Clock Signal                       | Clock buffer(FF name)  | Load  |
-----------------------------------+------------------------+-------+
saat                               | BUFGP                  | 4     |
-----------------------------------+------------------------+-------+

Asynchronous Control Signals Information:
----------------------------------------
No asynchronous control signals found in this design

Timing Summary:
---------------
Speed Grade: -4

   Minimum period: 3.118ns (Maximum Frequency: 320.718MHz)
   Minimum input arrival time before clock: 3.376ns
   Maximum output required time after clock: 6.769ns
   Maximum combinational path delay: No path found

Timing Detail:
--------------
All values displayed in nanoseconds (ns)

=========================================================================
Timing constraint: Default period analysis for Clock 'saat'
  Clock period: 3.118ns (frequency: 320.718MHz)
  Total number of paths / destination ports: 6 / 5
-------------------------------------------------------------------------
Delay:               3.118ns (Levels of Logic = 1)
  Source:            ff1/Qx (FF)
  Destination:       ff1/Qx (FF)
  Source Clock:      saat rising
  Destination Clock: saat rising

  Data Path: ff1/Qx to ff1/Qx
                                Gate     Net
    Cell:in->out      fanout   Delay   Delay  Logical Name (Net Name)
    ----------------------------------------  ------------
     FDR:C->Q              2   0.591   0.590  ff1/Qx (ff1/Qx)
     LUT2:I0->O            1   0.648   0.420  D11 (D1)
     FDR:R                     0.869          ff1/Qx
    ----------------------------------------
    Total                      3.118ns (2.108ns logic, 1.010ns route)
                                       (67.6% logic, 32.4% route)

=========================================================================
Timing constraint: Default OFFSET IN BEFORE for Clock 'saat'
  Total number of paths / destination ports: 2 / 2
-------------------------------------------------------------------------
Offset:              3.376ns (Levels of Logic = 2)
  Source:            x (PAD)
  Destination:       ff2/Qx (FF)
  Destination Clock: saat rising

  Data Path: x to ff2/Qx
                                Gate     Net
    Cell:in->out      fanout   Delay   Delay  Logical Name (Net Name)
    ----------------------------------------  ------------
     IBUF:I->O             1   0.849   0.563  x_IBUF (x_IBUF)
     LUT2:I0->O            2   0.648   0.447  D21 (D2)
     FDR:R                     0.869          ff2/Qx
    ----------------------------------------
    Total                      3.376ns (2.366ns logic, 1.010ns route)
                                       (70.1% logic, 29.9% route)

=========================================================================
Timing constraint: Default OFFSET OUT AFTER for Clock 'saat'
  Total number of paths / destination ports: 2 / 1
-------------------------------------------------------------------------
Offset:              6.769ns (Levels of Logic = 2)
  Source:            ff2/Qx (FF)
  Destination:       z (PAD)
  Source Clock:      saat rising

  Data Path: ff2/Qx to z
                                Gate     Net
    Cell:in->out      fanout   Delay   Delay  Logical Name (Net Name)
    ----------------------------------------  ------------
     FDR:C->Q              2   0.591   0.590  ff2/Qx (ff2/Qx)
     LUT2:I0->O            1   0.648   0.420  z1 (z_OBUF)
     OBUF:I->O                 4.520          z_OBUF (z)
    ----------------------------------------
    Total                      6.769ns (5.759ns logic, 1.010ns route)
                                       (85.1% logic, 14.9% route)

=========================================================================


Total REAL time to Xst completion: 5.00 secs
Total CPU time to Xst completion: 4.94 secs
 
--> 

Total memory usage is 310408 kilobytes

Number of errors   :    0 (   0 filtered)
Number of warnings :    0 (   0 filtered)
Number of infos    :    0 (   0 filtered)

