ISim log file
Running: D:\- Computer Engineering\- Other Subjects\Other stuff\School\3. Yil\1. Donem\Bot lab - VHSIC HDL\VHDL Programs\Xilinx projects\lojikprojesi\lojikprojesi_isim_beh.exe -intstyle ise -gui -tclbatch isim.cmd -wdb D:/- Computer Engineering/- Other Subjects/Other stuff/School/3. Yil/1. Donem/Bot lab - VHSIC HDL/VHDL Programs/Xilinx projects/lojikprojesi/lojikprojesi_isim_beh.wdb 
ISim P.20131013 (signature 0x7708f090)
WARNING: A WEBPACK license was found.
WARNING: Please use Xilinx License Configuration Manager to check out a full ISim license.
WARNING: ISim will run in Lite mode. Please refer to the ISim documentation for more information on the differences between the Lite and the Full version.
This is a Lite version of ISim.
Time resolution is 1 ps
# onerror resume
# wave add /
# run 1000 ns
Simulator is doing circuit initialization process.
Finished circuit initialization process.
# restart
# put a5 0
# put a4 0
# put a3 0
# put a2 0
# put a1 0
# put a0 0
# run all
Simulator is doing circuit initialization process.
Finished circuit initialization process.
# restart
# put a5 0
# put a4 0
# put a3 0
# put a2 0
# put a1 1
# put a0 0
# run all
Simulator is doing circuit initialization process.
Finished circuit initialization process.
# restart
# put a5 0
# put a4 0
# put a3 0
# put a2 0
# put a1 0
# put a0 1
# run all
Simulator is doing circuit initialization process.
Finished circuit initialization process.
# restart
# put a5 0
# put a4 0
# put a3 0
# put a2 0
# put a1 1
# put a0 1
# run all
Simulator is doing circuit initialization process.
Finished circuit initialization process.
# restart
# put a5 0
# put a4 0
# put a3 1
# put a2 0
# put a1 0
# put a0 1
# run all
Simulator is doing circuit initialization process.
Finished circuit initialization process.
# restart
# put a5 0
# put a4 0
# put a3 1
# put a2 0
# put a1 1
# put a0 1
# run all
Simulator is doing circuit initialization process.
Finished circuit initialization process.
